mic   _utils.py          INFO     Log file created
mic   _utils.py          INFO     OS: {'name': 'Darwin', 'data': {'version': 'Darwin Kernel Version 18.7.0: Tue Aug 20 16:57:14 PDT 2019; root:xnu-4903.271.2~2/RELEASE_X86_64', 'release': '18.7.0', 'machine': 'x86_64'}}
mic   _utils.py          INFO     MIC Version: 1.2.0
mic   _utils.py          INFO     <=================>
mic   _utils.py          INFO     Command: {'name': 'start', 'command_parameters': {'name': {'value': 'test', 'type': 'str'}, 'image': {'value': None, 'type': 'NoneType'}}}
mic   initialization.py  DEBUG    detecting framework(s): []
mic   docker.py          INFO     Downloading and building base docker image
mic   config_yaml.py     DEBUG    Writing to spec: {'file': '/Users/mosorio/tmp/test_MIC/mic/mic.yaml', 'data': {'key': 'name', 'value': 'test'}}
mic   config_yaml.py     DEBUG    Writing to spec: {'file': '/Users/mosorio/tmp/test_MIC/mic/mic.yaml', 'data': {'key': 'docker_image', 'value': 'test:latest'}}
mic   config_yaml.py     DEBUG    Writing to spec: {'file': '/Users/mosorio/tmp/test_MIC/mic/mic.yaml', 'data': {'key': 'framework', 'value': <Framework.GENERIC: ('general', 'mintproject/generic:latest')>}}
mic   commands.py        INFO     start done
mic   _utils.py          INFO     <=================>
mic   _utils.py          INFO     Command: {'name': 'upload', 'command_parameters': {'mic_file': {'value': '/Users/mosorio/tmp/test_MIC/mic/mic.yaml', 'type': 'str'}, 'profile': {'value': 'mosorio', 'type': 'str'}, 'model_configuration': {'value': True, 'type': 'bool'}, 'data_transformation': {'value': None, 'type': 'NoneType'}}}
mic   github.py          INFO     Creating the git repository
mic   github.py          INFO     Compressing code
mic   github.py          INFO     Creating a new commit
mic   github.py          DEBUG    The git repository has a remote server configured:  https://github.com/mosoriob/test.git
mic   config_yaml.py     DEBUG    Writing to spec: {'file': '/Users/mosorio/tmp/test_MIC/mic/mic.yaml', 'data': {'key': 'github_repo_url', 'value': 'https://github.com/mosoriob/test.git'}}
mic   github.py          INFO     Creating a new version
mic   github.py          DEBUG    New version: 20.7.5
mic   github.py          INFO     Pushing changes to the server
mic   config_yaml.py     DEBUG    Writing to spec: {'file': '/Users/mosorio/tmp/test_MIC/mic/mic.yaml', 'data': {'key': 'version', 'value': '20.7.5'}}
mic   config_yaml.py     DEBUG    Writing to spec: {'file': '/Users/mosorio/tmp/test_MIC/mic/mic.yaml', 'data': {'key': 'mint_component_url', 'value': 'https://raw.githubusercontent.com/mosoriob/test/master/mint_component.zip'}}
mic   github.py          INFO     Push complete: {'repository': 'https://github.com/mosoriob/test.git', 'version': '20.7.5'}
mic   config_yaml.py     DEBUG    Writing to spec: {'file': '/Users/mosorio/tmp/test_MIC/mic/mic.yaml', 'data': {'key': 'docker_image', 'value': 'test'}}
mic   docker.py          INFO     Publish docker image
mic   config_yaml.py     DEBUG    Writing to spec: {'file': '/Users/mosorio/tmp/test_MIC/mic/mic.yaml', 'data': {'key': 'docker_image', 'value': 'mosorio/test:20.7.5'}}
mic   commands.py        ERROR    Upload failed: 
Traceback (most recent call last):
  File "/Users/mosorio/.pyenv/versions/3.7.6/envs/mic/lib/python3.7/site-packages/click/termui.py", line 200, in confirm
    value = visible_prompt_func("").lower().strip()
KeyboardInterrupt

During handling of the above exception, another exception occurred:

Traceback (most recent call last):
  File "/Users/mosorio/repos/mic/src/mic/click_encapsulate/commands.py", line 671, in upload
    model_configuration, profile)
  File "/Users/mosorio/repos/mic/src/mic/publisher/model_catalog.py", line 104, in publish_model_configuration
    if click.confirm("Do you want to use an existing model?", default=True):
  File "/Users/mosorio/.pyenv/versions/3.7.6/envs/mic/lib/python3.7/site-packages/click/termui.py", line 202, in confirm
    raise Abort()
click.exceptions.Abort
mic   _utils.py          INFO     <=================>
mic   _utils.py          INFO     Command: {'name': 'upload', 'command_parameters': {'mic_file': {'value': '/Users/mosorio/tmp/test_MIC/mic/mic.yaml', 'type': 'str'}, 'profile': {'value': 'mosorio', 'type': 'str'}, 'model_configuration': {'value': True, 'type': 'bool'}, 'data_transformation': {'value': None, 'type': 'NoneType'}}}
mic   github.py          INFO     Creating the git repository
mic   github.py          INFO     Compressing code
mic   github.py          INFO     Creating a new commit
